<?xml version="1.0" encoding="UTF-8"?>
<!-- Generated by org.testng.reporters.JUnitReportReporter -->
<testsuite skipped="0" hostname="DESKTOP-C7SRO4S" name="AllTestcases.LoginPageTestCase" tests="1" failures="0" timestamp="2020-03-07T21:52:57 IST" time="4.056" errors="0">
  <testcase name="SIgnINPageTestCase" time="4.056" classname="AllTestcases.LoginPageTestCase"/>
</testsuite> <!-- AllTestcases.LoginPageTestCase -->
